[16-Apr-2015 12:23:31 UTC] PHP Warning:  include(images/social.png): failed to open stream: No such file or directory in /firestarter/home/gilatrade/t3s.biz/www/wp-content/plugins/profile-builder-pro/index.php on line 149
[16-Apr-2015 12:23:31 UTC] PHP Warning:  include(): Failed opening 'images/social.png' for inclusion (include_path='.:/usr/local/share/pear') in /firestarter/home/gilatrade/t3s.biz/www/wp-content/plugins/profile-builder-pro/index.php on line 149
[16-Apr-2015 12:23:47 UTC] PHP Warning:  include(images/social.png): failed to open stream: No such file or directory in /firestarter/home/gilatrade/t3s.biz/www/wp-content/plugins/profile-builder-pro/index.php on line 149
[16-Apr-2015 12:23:47 UTC] PHP Warning:  include(): Failed opening 'images/social.png' for inclusion (include_path='.:/usr/local/share/pear') in /firestarter/home/gilatrade/t3s.biz/www/wp-content/plugins/profile-builder-pro/index.php on line 149
[16-Apr-2015 12:23:47 UTC] PHP Notice:  Trying to get property of non-object in /firestarter/home/gilatrade/t3s.biz/www/wp-content/plugins/profile-builder-pro/premium/addons/userlisting.php on line 1070
[16-Apr-2015 12:24:15 UTC] PHP Warning:  include(images/social.png): failed to open stream: No such file or directory in /firestarter/home/gilatrade/t3s.biz/www/wp-content/plugins/profile-builder-pro/index.php on line 149
[16-Apr-2015 12:24:15 UTC] PHP Warning:  include(): Failed opening 'images/social.png' for inclusion (include_path='.:/usr/local/share/pear') in /firestarter/home/gilatrade/t3s.biz/www/wp-content/plugins/profile-builder-pro/index.php on line 149
[16-Apr-2015 12:24:15 UTC] PHP Notice:  Trying to get property of non-object in /firestarter/home/gilatrade/t3s.biz/www/wp-content/plugins/profile-builder-pro/premium/addons/userlisting.php on line 1070
[16-Apr-2015 12:24:15 UTC] PHP Notice:  Функция WP_User->id вызвана с аргументом, который <strong>считается устаревшим</strong> с версии 2.1! Используйте <code>WP_User->ID</code>.. in /firestarter/home/gilatrade/t3s.biz/www/wp-includes/functions.php on line 3193
[16-Apr-2015 12:24:16 UTC] PHP Warning:  include(images/social.png): failed to open stream: No such file or directory in /firestarter/home/gilatrade/t3s.biz/www/wp-content/plugins/profile-builder-pro/index.php on line 149
[16-Apr-2015 12:24:16 UTC] PHP Warning:  include(): Failed opening 'images/social.png' for inclusion (include_path='.:/usr/local/share/pear') in /firestarter/home/gilatrade/t3s.biz/www/wp-content/plugins/profile-builder-pro/index.php on line 149
[16-Apr-2015 12:24:16 UTC] PHP Notice:  Trying to get property of non-object in /firestarter/home/gilatrade/t3s.biz/www/wp-content/plugins/profile-builder-pro/premium/addons/userlisting.php on line 1070
[16-Apr-2015 12:24:17 UTC] PHP Warning:  include(images/social.png): failed to open stream: No such file or directory in /firestarter/home/gilatrade/t3s.biz/www/wp-content/plugins/profile-builder-pro/index.php on line 149
[16-Apr-2015 12:24:17 UTC] PHP Warning:  include(): Failed opening 'images/social.png' for inclusion (include_path='.:/usr/local/share/pear') in /firestarter/home/gilatrade/t3s.biz/www/wp-content/plugins/profile-builder-pro/index.php on line 149
[16-Apr-2015 12:24:17 UTC] PHP Notice:  Trying to get property of non-object in /firestarter/home/gilatrade/t3s.biz/www/wp-content/plugins/profile-builder-pro/premium/addons/userlisting.php on line 1070
[16-Apr-2015 12:25:20 UTC] PHP Warning:  include(images/social.png): failed to open stream: No such file or directory in /firestarter/home/gilatrade/t3s.biz/www/wp-content/plugins/profile-builder-pro/index.php on line 149
[16-Apr-2015 12:25:20 UTC] PHP Warning:  include(): Failed opening 'images/social.png' for inclusion (include_path='.:/usr/local/share/pear') in /firestarter/home/gilatrade/t3s.biz/www/wp-content/plugins/profile-builder-pro/index.php on line 149
[16-Apr-2015 12:25:20 UTC] PHP Notice:  Trying to get property of non-object in /firestarter/home/gilatrade/t3s.biz/www/wp-content/plugins/profile-builder-pro/premium/addons/userlisting.php on line 1070
[16-Apr-2015 12:25:20 UTC] PHP Notice:  Undefined index: heading9 in /firestarter/home/gilatrade/t3s.biz/www/wp-content/plugins/profile-builder-pro/front-end/wppb.register.php on line 428
[16-Apr-2015 12:25:20 UTC] PHP Notice:  Undefined index: heading6 in /firestarter/home/gilatrade/t3s.biz/www/wp-content/plugins/profile-builder-pro/front-end/wppb.register.php on line 428
[16-Apr-2015 12:25:20 UTC] PHP Notice:  Undefined index: heading10 in /firestarter/home/gilatrade/t3s.biz/www/wp-content/plugins/profile-builder-pro/front-end/wppb.register.php on line 428
[16-Apr-2015 12:25:20 UTC] PHP Notice:  Функция is_email вызвана с аргументом, который <strong>считается устаревшим</strong> с версии 3.0. Альтернативы не предусмотрено. in /firestarter/home/gilatrade/t3s.biz/www/wp-includes/functions.php on line 3195
[16-Apr-2015 12:25:20 UTC] PHP Notice:  Undefined offset: 0 in /firestarter/home/gilatrade/t3s.biz/www/wp-content/plugins/profile-builder-pro/front-end/wppb.register.php on line 677
[16-Apr-2015 12:25:20 UTC] PHP Notice:  Trying to get property of non-object in /firestarter/home/gilatrade/t3s.biz/www/wp-content/plugins/profile-builder-pro/front-end/wppb.register.php on line 677
[16-Apr-2015 12:25:20 UTC] PHP Notice:  Undefined offset: 0 in /firestarter/home/gilatrade/t3s.biz/www/wp-content/plugins/profile-builder-pro/front-end/wppb.register.php on line 681
[16-Apr-2015 12:25:20 UTC] PHP Notice:  Trying to get property of non-object in /firestarter/home/gilatrade/t3s.biz/www/wp-content/plugins/profile-builder-pro/front-end/wppb.register.php on line 681
[16-Apr-2015 12:25:22 UTC] PHP Warning:  include(images/social.png): failed to open stream: No such file or directory in /firestarter/home/gilatrade/t3s.biz/www/wp-content/plugins/profile-builder-pro/index.php on line 149
[16-Apr-2015 12:25:22 UTC] PHP Warning:  include(): Failed opening 'images/social.png' for inclusion (include_path='.:/usr/local/share/pear') in /firestarter/home/gilatrade/t3s.biz/www/wp-content/plugins/profile-builder-pro/index.php on line 149
[16-Apr-2015 12:25:22 UTC] PHP Notice:  Trying to get property of non-object in /firestarter/home/gilatrade/t3s.biz/www/wp-content/plugins/profile-builder-pro/premium/addons/userlisting.php on line 1070
[16-Apr-2015 12:25:26 UTC] PHP Warning:  include(images/social.png): failed to open stream: No such file or directory in /firestarter/home/gilatrade/t3s.biz/www/wp-content/plugins/profile-builder-pro/index.php on line 149
[16-Apr-2015 12:25:26 UTC] PHP Warning:  include(): Failed opening 'images/social.png' for inclusion (include_path='.:/usr/local/share/pear') in /firestarter/home/gilatrade/t3s.biz/www/wp-content/plugins/profile-builder-pro/index.php on line 149
[16-Apr-2015 12:25:26 UTC] PHP Notice:  Trying to get property of non-object in /firestarter/home/gilatrade/t3s.biz/www/wp-content/plugins/profile-builder-pro/premium/addons/userlisting.php on line 1070
[16-Apr-2015 12:25:26 UTC] PHP Notice:  Функция WP_User->id вызвана с аргументом, который <strong>считается устаревшим</strong> с версии 2.1! Используйте <code>WP_User->ID</code>.. in /firestarter/home/gilatrade/t3s.biz/www/wp-includes/functions.php on line 3193
[16-Apr-2015 12:25:26 UTC] PHP Warning:  include(images/social.png): failed to open stream: No such file or directory in /firestarter/home/gilatrade/t3s.biz/www/wp-content/plugins/profile-builder-pro/index.php on line 149
[16-Apr-2015 12:25:26 UTC] PHP Warning:  include(): Failed opening 'images/social.png' for inclusion (include_path='.:/usr/local/share/pear') in /firestarter/home/gilatrade/t3s.biz/www/wp-content/plugins/profile-builder-pro/index.php on line 149
[16-Apr-2015 12:25:26 UTC] PHP Notice:  Trying to get property of non-object in /firestarter/home/gilatrade/t3s.biz/www/wp-content/plugins/profile-builder-pro/premium/addons/userlisting.php on line 1070
[16-Apr-2015 14:01:19 UTC] PHP Warning:  include(images/social.png): failed to open stream: No such file or directory in /firestarter/home/gilatrade/t3s.biz/www/wp-content/plugins/profile-builder-pro/index.php on line 149
[16-Apr-2015 14:01:19 UTC] PHP Warning:  include(): Failed opening 'images/social.png' for inclusion (include_path='.:/usr/local/share/pear') in /firestarter/home/gilatrade/t3s.biz/www/wp-content/plugins/profile-builder-pro/index.php on line 149
[16-Apr-2015 14:01:19 UTC] PHP Notice:  Trying to get property of non-object in /firestarter/home/gilatrade/t3s.biz/www/wp-content/plugins/profile-builder-pro/premium/addons/userlisting.php on line 1070
[16-Apr-2015 14:01:19 UTC] PHP Notice:  Undefined index: heading9 in /firestarter/home/gilatrade/t3s.biz/www/wp-content/plugins/profile-builder-pro/front-end/wppb.register.php on line 428
[16-Apr-2015 14:01:19 UTC] PHP Notice:  Undefined index: heading6 in /firestarter/home/gilatrade/t3s.biz/www/wp-content/plugins/profile-builder-pro/front-end/wppb.register.php on line 428
[16-Apr-2015 14:01:19 UTC] PHP Notice:  Undefined index: heading10 in /firestarter/home/gilatrade/t3s.biz/www/wp-content/plugins/profile-builder-pro/front-end/wppb.register.php on line 428
[16-Apr-2015 14:01:19 UTC] PHP Notice:  Функция is_email вызвана с аргументом, который <strong>считается устаревшим</strong> с версии 3.0. Альтернативы не предусмотрено. in /firestarter/home/gilatrade/t3s.biz/www/wp-includes/functions.php on line 3195
[16-Apr-2015 14:01:19 UTC] PHP Notice:  Undefined offset: 0 in /firestarter/home/gilatrade/t3s.biz/www/wp-content/plugins/profile-builder-pro/front-end/wppb.register.php on line 677
[16-Apr-2015 14:01:19 UTC] PHP Notice:  Trying to get property of non-object in /firestarter/home/gilatrade/t3s.biz/www/wp-content/plugins/profile-builder-pro/front-end/wppb.register.php on line 677
[16-Apr-2015 14:01:19 UTC] PHP Notice:  Undefined offset: 0 in /firestarter/home/gilatrade/t3s.biz/www/wp-content/plugins/profile-builder-pro/front-end/wppb.register.php on line 681
[16-Apr-2015 14:01:19 UTC] PHP Notice:  Trying to get property of non-object in /firestarter/home/gilatrade/t3s.biz/www/wp-content/plugins/profile-builder-pro/front-end/wppb.register.php on line 681
[16-Apr-2015 14:01:20 UTC] PHP Warning:  include(images/social.png): failed to open stream: No such file or directory in /firestarter/home/gilatrade/t3s.biz/www/wp-content/plugins/profile-builder-pro/index.php on line 149
[16-Apr-2015 14:01:20 UTC] PHP Warning:  include(): Failed opening 'images/social.png' for inclusion (include_path='.:/usr/local/share/pear') in /firestarter/home/gilatrade/t3s.biz/www/wp-content/plugins/profile-builder-pro/index.php on line 149
[16-Apr-2015 14:01:20 UTC] PHP Notice:  Trying to get property of non-object in /firestarter/home/gilatrade/t3s.biz/www/wp-content/plugins/profile-builder-pro/premium/addons/userlisting.php on line 1070
[16-Apr-2015 14:01:20 UTC] PHP Warning:  include(images/social.png): failed to open stream: No such file or directory in /firestarter/home/gilatrade/t3s.biz/www/wp-content/plugins/profile-builder-pro/index.php on line 149
[16-Apr-2015 14:01:20 UTC] PHP Warning:  include(): Failed opening 'images/social.png' for inclusion (include_path='.:/usr/local/share/pear') in /firestarter/home/gilatrade/t3s.biz/www/wp-content/plugins/profile-builder-pro/index.php on line 149
[16-Apr-2015 14:01:20 UTC] PHP Notice:  Trying to get property of non-object in /firestarter/home/gilatrade/t3s.biz/www/wp-content/plugins/profile-builder-pro/premium/addons/userlisting.php on line 1070
[16-Apr-2015 14:01:24 UTC] PHP Warning:  include(images/social.png): failed to open stream: No such file or directory in /firestarter/home/gilatrade/t3s.biz/www/wp-content/plugins/profile-builder-pro/index.php on line 149
[16-Apr-2015 14:01:24 UTC] PHP Warning:  include(): Failed opening 'images/social.png' for inclusion (include_path='.:/usr/local/share/pear') in /firestarter/home/gilatrade/t3s.biz/www/wp-content/plugins/profile-builder-pro/index.php on line 149
[16-Apr-2015 14:01:24 UTC] PHP Notice:  Trying to get property of non-object in /firestarter/home/gilatrade/t3s.biz/www/wp-content/plugins/profile-builder-pro/premium/addons/userlisting.php on line 1070
[16-Apr-2015 14:01:24 UTC] PHP Notice:  Функция WP_User->id вызвана с аргументом, который <strong>считается устаревшим</strong> с версии 2.1! Используйте <code>WP_User->ID</code>.. in /firestarter/home/gilatrade/t3s.biz/www/wp-includes/functions.php on line 3193
[16-Apr-2015 14:01:25 UTC] PHP Warning:  include(images/social.png): failed to open stream: No such file or directory in /firestarter/home/gilatrade/t3s.biz/www/wp-content/plugins/profile-builder-pro/index.php on line 149
[16-Apr-2015 14:01:25 UTC] PHP Warning:  include(): Failed opening 'images/social.png' for inclusion (include_path='.:/usr/local/share/pear') in /firestarter/home/gilatrade/t3s.biz/www/wp-content/plugins/profile-builder-pro/index.php on line 149
[16-Apr-2015 14:01:25 UTC] PHP Notice:  Trying to get property of non-object in /firestarter/home/gilatrade/t3s.biz/www/wp-content/plugins/profile-builder-pro/premium/addons/userlisting.php on line 1070
[16-Apr-2015 14:01:28 UTC] PHP Warning:  include(images/social.png): failed to open stream: No such file or directory in /firestarter/home/gilatrade/t3s.biz/www/wp-content/plugins/profile-builder-pro/index.php on line 149
[16-Apr-2015 14:01:28 UTC] PHP Warning:  include(): Failed opening 'images/social.png' for inclusion (include_path='.:/usr/local/share/pear') in /firestarter/home/gilatrade/t3s.biz/www/wp-content/plugins/profile-builder-pro/index.php on line 149
[16-Apr-2015 14:01:29 UTC] PHP Notice:  Trying to get property of non-object in /firestarter/home/gilatrade/t3s.biz/www/wp-content/plugins/profile-builder-pro/premium/addons/userlisting.php on line 1070
